[debug] [2022-01-15T15:37:12.743Z] ----------------------------------------------------------------------
[debug] [2022-01-15T15:37:12.746Z] Command:       C:\Program Files\nodejs\node.exe E:\client\Diola\admin2021\node_modules\firebase-tools\lib\bin\firebase.js deploy --only functions
[debug] [2022-01-15T15:37:12.747Z] CLI Version:   9.6.1
[debug] [2022-01-15T15:37:12.747Z] Platform:      win32
[debug] [2022-01-15T15:37:12.747Z] Node Version:  v16.1.0
[debug] [2022-01-15T15:37:12.748Z] Time:          Sat Jan 15 2022 21:07:12 GMT+0530 (India Standard Time)
[debug] [2022-01-15T15:37:12.748Z] ----------------------------------------------------------------------
[debug] [2022-01-15T15:37:12.748Z] 
[debug] [2022-01-15T15:37:12.761Z] > command requires scopes: ["email","openid","https://www.googleapis.com/auth/cloudplatformprojects.readonly","https://www.googleapis.com/auth/firebase","https://www.googleapis.com/auth/cloud-platform"]
[debug] [2022-01-15T15:37:12.762Z] > authorizing via signed-in user
[debug] [2022-01-15T15:37:12.762Z] [iam] checking project diola-4f3ff for permissions ["cloudfunctions.functions.create","cloudfunctions.functions.delete","cloudfunctions.functions.get","cloudfunctions.functions.list","cloudfunctions.functions.update","cloudfunctions.operations.get","firebase.projects.get"]
[debug] [2022-01-15T15:37:12.764Z] > refreshing access token with scopes: ["email","https://www.googleapis.com/auth/cloud-platform","https://www.googleapis.com/auth/cloudplatformprojects.readonly","https://www.googleapis.com/auth/firebase","openid"]
[debug] [2022-01-15T15:37:12.765Z] >>> HTTP REQUEST POST https://www.googleapis.com/oauth2/v3/token  
 <request body omitted>
[debug] [2022-01-15T15:37:13.068Z] <<< HTTP RESPONSE 200 {"expires":"Mon, 01 Jan 1990 00:00:00 GMT","pragma":"no-cache","cache-control":"no-cache, no-store, max-age=0, must-revalidate","date":"Sat, 15 Jan 2022 15:37:13 GMT","content-type":"application/json; charset=utf-8","vary":"X-Origin, Referer, Origin,Accept-Encoding","server":"scaffolding on HTTPServer2","x-xss-protection":"0","x-frame-options":"SAMEORIGIN","x-content-type-options":"nosniff","alt-svc":"h3=\":443\"; ma=2592000,h3-29=\":443\"; ma=2592000,h3-Q050=\":443\"; ma=2592000,h3-Q046=\":443\"; ma=2592000,h3-Q043=\":443\"; ma=2592000,quic=\":443\"; ma=2592000; v=\"46,43\"","accept-ranges":"none","transfer-encoding":"chunked"}
[debug] [2022-01-15T15:37:13.259Z] >>> HTTP REQUEST POST https://cloudresourcemanager.googleapis.com/v1/projects/diola-4f3ff:testIamPermissions  
 {"permissions":["cloudfunctions.functions.create","cloudfunctions.functions.delete","cloudfunctions.functions.get","cloudfunctions.functions.list","cloudfunctions.functions.update","cloudfunctions.operations.get","firebase.projects.get"]}
[debug] [2022-01-15T15:37:14.891Z] <<< HTTP RESPONSE 200 {"content-type":"application/json; charset=UTF-8","vary":"X-Origin, Referer, Origin,Accept-Encoding","date":"Sat, 15 Jan 2022 15:37:14 GMT","server":"ESF","cache-control":"private","x-xss-protection":"0","x-frame-options":"SAMEORIGIN","x-content-type-options":"nosniff","server-timing":"gfet4t7; dur=1316","alt-svc":"h3=\":443\"; ma=2592000,h3-29=\":443\"; ma=2592000,h3-Q050=\":443\"; ma=2592000,h3-Q046=\":443\"; ma=2592000,h3-Q043=\":443\"; ma=2592000,quic=\":443\"; ma=2592000; v=\"46,43\"","accept-ranges":"none","transfer-encoding":"chunked"}
[debug] [2022-01-15T15:37:14.893Z] >>> HTTP REQUEST POST https://iam.googleapis.com/v1/projects/diola-4f3ff/serviceAccounts/diola-4f3ff@appspot.gserviceaccount.com:testIamPermissions  
 {"permissions":["iam.serviceAccounts.actAs"]}
[debug] [2022-01-15T15:37:16.569Z] <<< HTTP RESPONSE 200 {"content-type":"application/json; charset=UTF-8","vary":"X-Origin, Referer, Origin,Accept-Encoding","date":"Sat, 15 Jan 2022 15:37:16 GMT","server":"ESF","cache-control":"private","x-xss-protection":"0","x-frame-options":"SAMEORIGIN","x-content-type-options":"nosniff","alt-svc":"h3=\":443\"; ma=2592000,h3-29=\":443\"; ma=2592000,h3-Q050=\":443\"; ma=2592000,h3-Q046=\":443\"; ma=2592000,h3-Q043=\":443\"; ma=2592000,quic=\":443\"; ma=2592000; v=\"46,43\"","accept-ranges":"none","transfer-encoding":"chunked"}
[warn] !  functions: package.json indicates an outdated version of firebase-functions.
Please upgrade using npm install --save firebase-functions@latest in your functions directory. 
[info] 
[info] === Deploying to 'diola-4f3ff'...
[info] 
[info] i  deploying functions 
[info] i  functions: ensuring required API cloudfunctions.googleapis.com is enabled... 
[info] i  functions: ensuring required API cloudbuild.googleapis.com is enabled... 
[debug] [2022-01-15T15:37:22.370Z] >>> HTTP REQUEST GET https://serviceusage.googleapis.com/v1/projects/diola-4f3ff/services/cloudfunctions.googleapis.com  
 
[debug] [2022-01-15T15:37:22.370Z] >>> HTTP REQUEST GET https://serviceusage.googleapis.com/v1/projects/diola-4f3ff/services/runtimeconfig.googleapis.com  
 
[debug] [2022-01-15T15:37:22.371Z] >>> HTTP REQUEST GET https://serviceusage.googleapis.com/v1/projects/diola-4f3ff/services/cloudbuild.googleapis.com  
 
[debug] [2022-01-15T15:37:24.372Z] <<< HTTP RESPONSE 200 {"content-type":"application/json; charset=UTF-8","vary":"X-Origin, Referer, Origin,Accept-Encoding","date":"Sat, 15 Jan 2022 15:37:24 GMT","server":"ESF","cache-control":"private","x-xss-protection":"0","x-frame-options":"SAMEORIGIN","x-content-type-options":"nosniff","alt-svc":"h3=\":443\"; ma=2592000,h3-29=\":443\"; ma=2592000,h3-Q050=\":443\"; ma=2592000,h3-Q046=\":443\"; ma=2592000,h3-Q043=\":443\"; ma=2592000,quic=\":443\"; ma=2592000; v=\"46,43\"","accept-ranges":"none","transfer-encoding":"chunked"}
[debug] [2022-01-15T15:37:24.406Z] <<< HTTP RESPONSE 200 {"content-type":"application/json; charset=UTF-8","vary":"X-Origin, Referer, Origin,Accept-Encoding","date":"Sat, 15 Jan 2022 15:37:24 GMT","server":"ESF","cache-control":"private","x-xss-protection":"0","x-frame-options":"SAMEORIGIN","x-content-type-options":"nosniff","alt-svc":"h3=\":443\"; ma=2592000,h3-29=\":443\"; ma=2592000,h3-Q050=\":443\"; ma=2592000,h3-Q046=\":443\"; ma=2592000,h3-Q043=\":443\"; ma=2592000,quic=\":443\"; ma=2592000; v=\"46,43\"","accept-ranges":"none","transfer-encoding":"chunked"}
[info] +  functions: required API cloudbuild.googleapis.com is enabled 
[debug] [2022-01-15T15:37:24.437Z] <<< HTTP RESPONSE 200 {"content-type":"application/json; charset=UTF-8","vary":"X-Origin, Referer, Origin,Accept-Encoding","date":"Sat, 15 Jan 2022 15:37:24 GMT","server":"ESF","cache-control":"private","x-xss-protection":"0","x-frame-options":"SAMEORIGIN","x-content-type-options":"nosniff","alt-svc":"h3=\":443\"; ma=2592000,h3-29=\":443\"; ma=2592000,h3-Q050=\":443\"; ma=2592000,h3-Q046=\":443\"; ma=2592000,h3-Q043=\":443\"; ma=2592000,quic=\":443\"; ma=2592000; v=\"46,43\"","accept-ranges":"none","transfer-encoding":"chunked"}
[info] +  functions: required API cloudfunctions.googleapis.com is enabled 
[debug] [2022-01-15T15:37:24.442Z] >>> HTTP REQUEST GET https://firebase.googleapis.com/v1beta1/projects/diola-4f3ff/adminSdkConfig  
 
[debug] [2022-01-15T15:37:25.021Z] <<< HTTP RESPONSE 200 {"content-type":"application/json; charset=UTF-8","vary":"X-Origin, Referer, Origin,Accept-Encoding","date":"Sat, 15 Jan 2022 15:37:25 GMT","server":"ESF","cache-control":"private","x-xss-protection":"0","x-frame-options":"SAMEORIGIN","x-content-type-options":"nosniff","alt-svc":"h3=\":443\"; ma=2592000,h3-29=\":443\"; ma=2592000,h3-Q050=\":443\"; ma=2592000,h3-Q046=\":443\"; ma=2592000,h3-Q043=\":443\"; ma=2592000,quic=\":443\"; ma=2592000; v=\"46,43\"","accept-ranges":"none","transfer-encoding":"chunked"}
[info] i  functions: preparing functions directory for uploading... 
[debug] [2022-01-15T15:37:25.027Z] >>> HTTP REQUEST GET https://runtimeconfig.googleapis.com/v1beta1/projects/diola-4f3ff/configs  
 
[debug] [2022-01-15T15:37:25.652Z] <<< HTTP RESPONSE 200 {"content-type":"application/json; charset=UTF-8","vary":"X-Origin, Referer, Origin,Accept-Encoding","date":"Sat, 15 Jan 2022 15:37:25 GMT","server":"ESF","cache-control":"private","x-xss-protection":"0","x-frame-options":"SAMEORIGIN","x-content-type-options":"nosniff","alt-svc":"h3=\":443\"; ma=2592000,h3-29=\":443\"; ma=2592000,h3-Q050=\":443\"; ma=2592000,h3-Q046=\":443\"; ma=2592000,h3-Q043=\":443\"; ma=2592000,quic=\":443\"; ma=2592000; v=\"46,43\"","accept-ranges":"none","transfer-encoding":"chunked"}
[info] i  functions: packaged functions (68.86 KB) for uploading 
[debug] [2022-01-15T15:37:26.067Z] > [functions] package.json contents: {
  "name": "functions",
  "description": "Cloud Functions for Firebase",
  "scripts": {
    "serve": "firebase emulators:start --only functions",
    "shell": "firebase functions:shell",
    "start": "npm run shell",
    "deploy": "firebase deploy --only functions",
    "logs": "firebase functions:log"
  },
  "engines": {
    "node": "14"
  },
  "main": "index.js",
  "dependencies": {
    "cors": "^2.8.5",
    "express": "^4.17.1",
    "firebase-admin": "^9.8.0",
    "firebase-functions": "^3.14.1",
    "nodemon": "^2.0.13",
    "stripe": "^8.179.0",
    "uuid": "^8.3.2"
  },
  "devDependencies": {
    "firebase-functions-test": "^0.2.0"
  },
  "private": true
}
[debug] [2022-01-15T15:37:26.069Z] >>> HTTP REQUEST GET https://cloudfunctions.googleapis.com/v1/projects/diola-4f3ff/locations/-/functions  
 
[debug] [2022-01-15T15:37:27.046Z] <<< HTTP RESPONSE 200 {"content-type":"application/json; charset=UTF-8","vary":"X-Origin, Referer, Origin,Accept-Encoding","date":"Sat, 15 Jan 2022 15:37:27 GMT","server":"ESF","cache-control":"private","x-xss-protection":"0","x-frame-options":"SAMEORIGIN","x-content-type-options":"nosniff","alt-svc":"h3=\":443\"; ma=2592000,h3-29=\":443\"; ma=2592000,h3-Q050=\":443\"; ma=2592000,h3-Q046=\":443\"; ma=2592000,h3-Q043=\":443\"; ma=2592000,quic=\":443\"; ma=2592000; v=\"46,43\"","accept-ranges":"none","transfer-encoding":"chunked"}
[debug] [2022-01-15T15:37:27.049Z] >>> HTTP REQUEST POST https://cloudfunctions.googleapis.com/v1/projects/diola-4f3ff/locations/us-central1/functions:generateUploadUrl  
 
[debug] [2022-01-15T15:37:28.052Z] <<< HTTP RESPONSE 200 {"content-type":"application/json; charset=UTF-8","vary":"X-Origin, Referer, Origin,Accept-Encoding","date":"Sat, 15 Jan 2022 15:37:28 GMT","server":"ESF","cache-control":"private","x-xss-protection":"0","x-frame-options":"SAMEORIGIN","x-content-type-options":"nosniff","alt-svc":"h3=\":443\"; ma=2592000,h3-29=\":443\"; ma=2592000,h3-Q050=\":443\"; ma=2592000,h3-Q046=\":443\"; ma=2592000,h3-Q043=\":443\"; ma=2592000,quic=\":443\"; ma=2592000; v=\"46,43\"","accept-ranges":"none","transfer-encoding":"chunked"}
[debug] [2022-01-15T15:37:28.054Z] >>> HTTP REQUEST PUT https://storage.googleapis.com/gcf-upload-us-central1-f087fa6e-9163-47cc-9530-217f17e76641/934bc021-3361-41c5-9b8e-2617751bc38c.zip?GoogleAccessId=service-61706867073@gcf-admin-robot.iam.gserviceaccount.com&Expires=1642262847&Signature=1OZ4nJTolTcWGDyOl1bZwC4ANcPwPSHdjPCkQuO1gZRgVnkKHSwSvIF2RsXDuV1OdxAe9S2mzEd%2BGkrd2Tr8pKysV66YcQG7Wvfs%2FycokjGCFViN90zhRFmda4O4FRNVQa3cXalz7rGCKpSJXqWKCICjeW1IYhrEamYjdP868oiWsJamuVj7nfRfJilDCrYkJPBI2Fpck9KvG0g326967laRZ1fBULs%2FwSww8jkSRADLwzAK2KhKbQcLXTdA9keF8ZXB0RWfozyyQ0cL%2BmaU19ILbRG5F14vu%2BS9quYGeOLEagQXSgghopz1iJfYTfBYtr7D8sFQSwv7R167WypwbQ%3D%3D  
 <request body omitted>
[debug] [2022-01-15T15:37:28.710Z] <<< HTTP RESPONSE 200 {"x-guploader-uploadid":"ADPycdv3D-ksa8H2E2xi2hRfsxE7vByyv9or3fA0Uz2N-L5pcqs3f2Mv7KTusDf5FTamRWGEGv98WPJzfFC2aAlzRcL3Tp9NZg","etag":"\"c2ed0df7efe13f4a86538955023d8298\"","x-goog-generation":"1642261048614888","x-goog-metageneration":"1","x-goog-hash":"crc32c=+3122g==, md5=wu0N9+/hP0qGU4lVAj2CmA==","x-goog-stored-content-length":"70512","x-goog-stored-content-encoding":"identity","vary":"Origin","content-length":"0","date":"Sat, 15 Jan 2022 15:37:28 GMT","server":"UploadServer","content-type":"text/html; charset=UTF-8","alt-svc":"h3=\":443\"; ma=2592000,h3-29=\":443\"; ma=2592000,h3-Q050=\":443\"; ma=2592000,h3-Q046=\":443\"; ma=2592000,h3-Q043=\":443\"; ma=2592000,quic=\":443\"; ma=2592000; v=\"46,43\""}
[info] +  functions: functions folder uploaded successfully 
[info] i  functions: updating Node.js 14 (Beta) function app(us-central1)... 
[debug] [2022-01-15T15:37:28.726Z] >>> HTTP REQUEST PATCH https://cloudfunctions.googleapis.com/v1/projects/diola-4f3ff/locations/us-central1/functions/app {"updateMask":"sourceUploadUrl,name,labels,runtime,environmentVariables,httpsTrigger"} 
 {"sourceUploadUrl":"https://storage.googleapis.com/gcf-upload-us-central1-f087fa6e-9163-47cc-9530-217f17e76641/934bc021-3361-41c5-9b8e-2617751bc38c.zip?GoogleAccessId=service-61706867073@gcf-admin-robot.iam.gserviceaccount.com&Expires=1642262847&Signature=1OZ4nJTolTcWGDyOl1bZwC4ANcPwPSHdjPCkQuO1gZRgVnkKHSwSvIF2RsXDuV1OdxAe9S2mzEd%2BGkrd2Tr8pKysV66YcQG7Wvfs%2FycokjGCFViN90zhRFmda4O4FRNVQa3cXalz7rGCKpSJXqWKCICjeW1IYhrEamYjdP868oiWsJamuVj7nfRfJilDCrYkJPBI2Fpck9KvG0g326967laRZ1fBULs%2FwSww8jkSRADLwzAK2KhKbQcLXTdA9keF8ZXB0RWfozyyQ0cL%2BmaU19ILbRG5F14vu%2BS9quYGeOLEagQXSgghopz1iJfYTfBYtr7D8sFQSwv7R167WypwbQ%3D%3D","name":"projects/diola-4f3ff/locations/us-central1/functions/app","labels":{"deployment-tool":"cli-firebase"},"httpsTrigger":{},"runtime":"nodejs14","environmentVariables":{"FIREBASE_CONFIG":"{\"projectId\":\"diola-4f3ff\",\"databaseURL\":\"https://diola-4f3ff-default-rtdb.firebaseio.com\",\"storageBucket\":\"diola-4f3ff.appspot.com\",\"locationId\":\"us-central\"}"}}
[debug] [2022-01-15T15:37:29.625Z] <<< HTTP RESPONSE 200 {"content-type":"application/json; charset=UTF-8","vary":"X-Origin, Referer, Origin,Accept-Encoding","date":"Sat, 15 Jan 2022 15:37:29 GMT","server":"ESF","cache-control":"private","x-xss-protection":"0","x-frame-options":"SAMEORIGIN","x-content-type-options":"nosniff","alt-svc":"h3=\":443\"; ma=2592000,h3-29=\":443\"; ma=2592000,h3-Q050=\":443\"; ma=2592000,h3-Q046=\":443\"; ma=2592000,h3-Q043=\":443\"; ma=2592000,quic=\":443\"; ma=2592000; v=\"46,43\"","accept-ranges":"none","transfer-encoding":"chunked"}
[debug] [2022-01-15T15:37:29.631Z] > refreshing access token with scopes: []
[debug] [2022-01-15T15:37:29.632Z] >>> HTTP REQUEST POST https://www.googleapis.com/oauth2/v3/token  
 <request body omitted>
[debug] [2022-01-15T15:37:29.951Z] <<< HTTP RESPONSE 200 {"expires":"Mon, 01 Jan 1990 00:00:00 GMT","cache-control":"no-cache, no-store, max-age=0, must-revalidate","pragma":"no-cache","date":"Sat, 15 Jan 2022 15:37:29 GMT","content-type":"application/json; charset=utf-8","vary":"X-Origin, Referer, Origin,Accept-Encoding","server":"scaffolding on HTTPServer2","x-xss-protection":"0","x-frame-options":"SAMEORIGIN","x-content-type-options":"nosniff","alt-svc":"h3=\":443\"; ma=2592000,h3-29=\":443\"; ma=2592000,h3-Q050=\":443\"; ma=2592000,h3-Q046=\":443\"; ma=2592000,h3-Q043=\":443\"; ma=2592000,quic=\":443\"; ma=2592000; v=\"46,43\"","accept-ranges":"none","transfer-encoding":"chunked"}
[debug] [2022-01-15T15:37:30.025Z] >>> [apiv2][query] GET https://cloudfunctions.googleapis.com/v1/operations/ZGlvbGEtNGYzZmYvdXMtY2VudHJhbDEvYXBwL09Nc2V2NHdVTmNv [none]
[debug] [2022-01-15T15:37:30.727Z] <<< [apiv2][status] GET https://cloudfunctions.googleapis.com/v1/operations/ZGlvbGEtNGYzZmYvdXMtY2VudHJhbDEvYXBwL09Nc2V2NHdVTmNv 200
[debug] [2022-01-15T15:37:30.728Z] <<< [apiv2][body] GET https://cloudfunctions.googleapis.com/v1/operations/ZGlvbGEtNGYzZmYvdXMtY2VudHJhbDEvYXBwL09Nc2V2NHdVTmNv {"name":"operations/ZGlvbGEtNGYzZmYvdXMtY2VudHJhbDEvYXBwL09Nc2V2NHdVTmNv","metadata":{"@type":"type.googleapis.com/google.cloud.functions.v1.OperationMetadataV1","target":"projects/diola-4f3ff/locations/us-central1/functions/app","type":"UPDATE_FUNCTION","request":{"@type":"type.googleapis.com/google.cloud.functions.v1.CloudFunction","name":"projects/diola-4f3ff/locations/us-central1/functions/app","httpsTrigger":{},"status":"ACTIVE","entryPoint":"app","timeout":"60s","availableMemoryMb":256,"serviceAccountEmail":"diola-4f3ff@appspot.gserviceaccount.com","updateTime":"2022-01-15T15:34:33.171Z","versionId":"15","labels":{"deployment-tool":"cli-firebase"},"sourceUploadUrl":"https://storage.googleapis.com/gcf-upload-us-central1-f087fa6e-9163-47cc-9530-217f17e76641/934bc021-3361-41c5-9b8e-2617751bc38c.zip?GoogleAccessId=service-61706867073@gcf-admin-robot.iam.gserviceaccount.com&Expires=1642262847&Signature=1OZ4nJTolTcWGDyOl1bZwC4ANcPwPSHdjPCkQuO1gZRgVnkKHSwSvIF2RsXDuV1OdxAe9S2mzEd%2BGkrd2Tr8pKysV66YcQG7Wvfs%2FycokjGCFViN90zhRFmda4O4FRNVQa3cXalz7rGCKpSJXqWKCICjeW1IYhrEamYjdP868oiWsJamuVj7nfRfJilDCrYkJPBI2Fpck9KvG0g326967laRZ1fBULs%2FwSww8jkSRADLwzAK2KhKbQcLXTdA9keF8ZXB0RWfozyyQ0cL%2BmaU19ILbRG5F14vu%2BS9quYGeOLEagQXSgghopz1iJfYTfBYtr7D8sFQSwv7R167WypwbQ%3D%3D","environmentVariables":{"FIREBASE_CONFIG":"{\"projectId\":\"diola-4f3ff\",\"databaseURL\":\"https://diola-4f3ff-default-rtdb.firebaseio.com\",\"storageBucket\":\"diola-4f3ff.appspot.com\",\"locationId\":\"us-central\"}"},"runtime":"nodejs14","ingressSettings":"ALLOW_ALL","buildId":"5f7d7c14-8ae3-4d53-a9c3-9009f270ee75","buildName":"projects/61706867073/locations/us-central1/builds/5f7d7c14-8ae3-4d53-a9c3-9009f270ee75"},"versionId":"16","updateTime":"2022-01-15T15:37:29Z","buildId":"1377264c-8144-4d02-ad96-e2effa09436b","buildName":"projects/61706867073/locations/us-central1/builds/1377264c-8144-4d02-ad96-e2effa09436b"}}
[debug] [2022-01-15T15:37:31.244Z] [update-projects/diola-4f3ff/locations/us-central1/functions/app] Retrying task index 0
[debug] [2022-01-15T15:37:31.245Z] >>> [apiv2][query] GET https://cloudfunctions.googleapis.com/v1/operations/ZGlvbGEtNGYzZmYvdXMtY2VudHJhbDEvYXBwL09Nc2V2NHdVTmNv [none]
[debug] [2022-01-15T15:37:31.876Z] <<< [apiv2][status] GET https://cloudfunctions.googleapis.com/v1/operations/ZGlvbGEtNGYzZmYvdXMtY2VudHJhbDEvYXBwL09Nc2V2NHdVTmNv 200
[debug] [2022-01-15T15:37:31.876Z] <<< [apiv2][body] GET https://cloudfunctions.googleapis.com/v1/operations/ZGlvbGEtNGYzZmYvdXMtY2VudHJhbDEvYXBwL09Nc2V2NHdVTmNv {"name":"operations/ZGlvbGEtNGYzZmYvdXMtY2VudHJhbDEvYXBwL09Nc2V2NHdVTmNv","metadata":{"@type":"type.googleapis.com/google.cloud.functions.v1.OperationMetadataV1","target":"projects/diola-4f3ff/locations/us-central1/functions/app","type":"UPDATE_FUNCTION","request":{"@type":"type.googleapis.com/google.cloud.functions.v1.CloudFunction","name":"projects/diola-4f3ff/locations/us-central1/functions/app","httpsTrigger":{},"status":"ACTIVE","entryPoint":"app","timeout":"60s","availableMemoryMb":256,"serviceAccountEmail":"diola-4f3ff@appspot.gserviceaccount.com","updateTime":"2022-01-15T15:34:33.171Z","versionId":"15","labels":{"deployment-tool":"cli-firebase"},"sourceUploadUrl":"https://storage.googleapis.com/gcf-upload-us-central1-f087fa6e-9163-47cc-9530-217f17e76641/934bc021-3361-41c5-9b8e-2617751bc38c.zip?GoogleAccessId=service-61706867073@gcf-admin-robot.iam.gserviceaccount.com&Expires=1642262847&Signature=1OZ4nJTolTcWGDyOl1bZwC4ANcPwPSHdjPCkQuO1gZRgVnkKHSwSvIF2RsXDuV1OdxAe9S2mzEd%2BGkrd2Tr8pKysV66YcQG7Wvfs%2FycokjGCFViN90zhRFmda4O4FRNVQa3cXalz7rGCKpSJXqWKCICjeW1IYhrEamYjdP868oiWsJamuVj7nfRfJilDCrYkJPBI2Fpck9KvG0g326967laRZ1fBULs%2FwSww8jkSRADLwzAK2KhKbQcLXTdA9keF8ZXB0RWfozyyQ0cL%2BmaU19ILbRG5F14vu%2BS9quYGeOLEagQXSgghopz1iJfYTfBYtr7D8sFQSwv7R167WypwbQ%3D%3D","environmentVariables":{"FIREBASE_CONFIG":"{\"projectId\":\"diola-4f3ff\",\"databaseURL\":\"https://diola-4f3ff-default-rtdb.firebaseio.com\",\"storageBucket\":\"diola-4f3ff.appspot.com\",\"locationId\":\"us-central\"}"},"runtime":"nodejs14","ingressSettings":"ALLOW_ALL","buildId":"5f7d7c14-8ae3-4d53-a9c3-9009f270ee75","buildName":"projects/61706867073/locations/us-central1/builds/5f7d7c14-8ae3-4d53-a9c3-9009f270ee75"},"versionId":"16","updateTime":"2022-01-15T15:37:29Z","buildId":"1377264c-8144-4d02-ad96-e2effa09436b","buildName":"projects/61706867073/locations/us-central1/builds/1377264c-8144-4d02-ad96-e2effa09436b"}}
[debug] [2022-01-15T15:37:32.889Z] [update-projects/diola-4f3ff/locations/us-central1/functions/app] Retrying task index 0
[debug] [2022-01-15T15:37:32.890Z] >>> [apiv2][query] GET https://cloudfunctions.googleapis.com/v1/operations/ZGlvbGEtNGYzZmYvdXMtY2VudHJhbDEvYXBwL09Nc2V2NHdVTmNv [none]
[debug] [2022-01-15T15:37:33.585Z] <<< [apiv2][status] GET https://cloudfunctions.googleapis.com/v1/operations/ZGlvbGEtNGYzZmYvdXMtY2VudHJhbDEvYXBwL09Nc2V2NHdVTmNv 200
[debug] [2022-01-15T15:37:33.585Z] <<< [apiv2][body] GET https://cloudfunctions.googleapis.com/v1/operations/ZGlvbGEtNGYzZmYvdXMtY2VudHJhbDEvYXBwL09Nc2V2NHdVTmNv {"name":"operations/ZGlvbGEtNGYzZmYvdXMtY2VudHJhbDEvYXBwL09Nc2V2NHdVTmNv","metadata":{"@type":"type.googleapis.com/google.cloud.functions.v1.OperationMetadataV1","target":"projects/diola-4f3ff/locations/us-central1/functions/app","type":"UPDATE_FUNCTION","request":{"@type":"type.googleapis.com/google.cloud.functions.v1.CloudFunction","name":"projects/diola-4f3ff/locations/us-central1/functions/app","httpsTrigger":{},"status":"ACTIVE","entryPoint":"app","timeout":"60s","availableMemoryMb":256,"serviceAccountEmail":"diola-4f3ff@appspot.gserviceaccount.com","updateTime":"2022-01-15T15:34:33.171Z","versionId":"15","labels":{"deployment-tool":"cli-firebase"},"sourceUploadUrl":"https://storage.googleapis.com/gcf-upload-us-central1-f087fa6e-9163-47cc-9530-217f17e76641/934bc021-3361-41c5-9b8e-2617751bc38c.zip?GoogleAccessId=service-61706867073@gcf-admin-robot.iam.gserviceaccount.com&Expires=1642262847&Signature=1OZ4nJTolTcWGDyOl1bZwC4ANcPwPSHdjPCkQuO1gZRgVnkKHSwSvIF2RsXDuV1OdxAe9S2mzEd%2BGkrd2Tr8pKysV66YcQG7Wvfs%2FycokjGCFViN90zhRFmda4O4FRNVQa3cXalz7rGCKpSJXqWKCICjeW1IYhrEamYjdP868oiWsJamuVj7nfRfJilDCrYkJPBI2Fpck9KvG0g326967laRZ1fBULs%2FwSww8jkSRADLwzAK2KhKbQcLXTdA9keF8ZXB0RWfozyyQ0cL%2BmaU19ILbRG5F14vu%2BS9quYGeOLEagQXSgghopz1iJfYTfBYtr7D8sFQSwv7R167WypwbQ%3D%3D","environmentVariables":{"FIREBASE_CONFIG":"{\"projectId\":\"diola-4f3ff\",\"databaseURL\":\"https://diola-4f3ff-default-rtdb.firebaseio.com\",\"storageBucket\":\"diola-4f3ff.appspot.com\",\"locationId\":\"us-central\"}"},"runtime":"nodejs14","ingressSettings":"ALLOW_ALL","buildId":"5f7d7c14-8ae3-4d53-a9c3-9009f270ee75","buildName":"projects/61706867073/locations/us-central1/builds/5f7d7c14-8ae3-4d53-a9c3-9009f270ee75"},"versionId":"16","updateTime":"2022-01-15T15:37:29Z","buildId":"1377264c-8144-4d02-ad96-e2effa09436b","buildName":"projects/61706867073/locations/us-central1/builds/1377264c-8144-4d02-ad96-e2effa09436b"}}
[debug] [2022-01-15T15:37:35.592Z] [update-projects/diola-4f3ff/locations/us-central1/functions/app] Retrying task index 0
[debug] [2022-01-15T15:37:35.594Z] >>> [apiv2][query] GET https://cloudfunctions.googleapis.com/v1/operations/ZGlvbGEtNGYzZmYvdXMtY2VudHJhbDEvYXBwL09Nc2V2NHdVTmNv [none]
[debug] [2022-01-15T15:37:36.306Z] <<< [apiv2][status] GET https://cloudfunctions.googleapis.com/v1/operations/ZGlvbGEtNGYzZmYvdXMtY2VudHJhbDEvYXBwL09Nc2V2NHdVTmNv 200
[debug] [2022-01-15T15:37:36.306Z] <<< [apiv2][body] GET https://cloudfunctions.googleapis.com/v1/operations/ZGlvbGEtNGYzZmYvdXMtY2VudHJhbDEvYXBwL09Nc2V2NHdVTmNv {"name":"operations/ZGlvbGEtNGYzZmYvdXMtY2VudHJhbDEvYXBwL09Nc2V2NHdVTmNv","metadata":{"@type":"type.googleapis.com/google.cloud.functions.v1.OperationMetadataV1","target":"projects/diola-4f3ff/locations/us-central1/functions/app","type":"UPDATE_FUNCTION","request":{"@type":"type.googleapis.com/google.cloud.functions.v1.CloudFunction","name":"projects/diola-4f3ff/locations/us-central1/functions/app","httpsTrigger":{},"status":"ACTIVE","entryPoint":"app","timeout":"60s","availableMemoryMb":256,"serviceAccountEmail":"diola-4f3ff@appspot.gserviceaccount.com","updateTime":"2022-01-15T15:34:33.171Z","versionId":"15","labels":{"deployment-tool":"cli-firebase"},"sourceUploadUrl":"https://storage.googleapis.com/gcf-upload-us-central1-f087fa6e-9163-47cc-9530-217f17e76641/934bc021-3361-41c5-9b8e-2617751bc38c.zip?GoogleAccessId=service-61706867073@gcf-admin-robot.iam.gserviceaccount.com&Expires=1642262847&Signature=1OZ4nJTolTcWGDyOl1bZwC4ANcPwPSHdjPCkQuO1gZRgVnkKHSwSvIF2RsXDuV1OdxAe9S2mzEd%2BGkrd2Tr8pKysV66YcQG7Wvfs%2FycokjGCFViN90zhRFmda4O4FRNVQa3cXalz7rGCKpSJXqWKCICjeW1IYhrEamYjdP868oiWsJamuVj7nfRfJilDCrYkJPBI2Fpck9KvG0g326967laRZ1fBULs%2FwSww8jkSRADLwzAK2KhKbQcLXTdA9keF8ZXB0RWfozyyQ0cL%2BmaU19ILbRG5F14vu%2BS9quYGeOLEagQXSgghopz1iJfYTfBYtr7D8sFQSwv7R167WypwbQ%3D%3D","environmentVariables":{"FIREBASE_CONFIG":"{\"projectId\":\"diola-4f3ff\",\"databaseURL\":\"https://diola-4f3ff-default-rtdb.firebaseio.com\",\"storageBucket\":\"diola-4f3ff.appspot.com\",\"locationId\":\"us-central\"}"},"runtime":"nodejs14","ingressSettings":"ALLOW_ALL","buildId":"5f7d7c14-8ae3-4d53-a9c3-9009f270ee75","buildName":"projects/61706867073/locations/us-central1/builds/5f7d7c14-8ae3-4d53-a9c3-9009f270ee75"},"versionId":"16","updateTime":"2022-01-15T15:37:29Z","buildId":"1377264c-8144-4d02-ad96-e2effa09436b","buildName":"projects/61706867073/locations/us-central1/builds/1377264c-8144-4d02-ad96-e2effa09436b"}}
